生成启动时间为 2014/8/18 16:32:48。
     1>项目“F:\github\gitWinFTPClient\gitWinFTPClient\gitWinFTPClient.vcxproj”在节点 2 上(build 个目标)。
     1>InitializeBuildStatus:
         正在创建“Debug\gitWinFTPClient.unsuccessfulbuild”，因为已指定“AlwaysCreate”。
       ClCompile:
         所有输出均为最新。
         C:\Program Files (x86)\Microsoft Visual Studio 10.0\VC\bin\CL.exe /c /ZI /nologo /W3 /WX- /Od /Oy- /D WIN32 /D _DEBUG /D _CONSOLE /D _UNICODE /D UNICODE /Gm /EHsc /RTC1 /MDd /GS /fp:precise /Zc:wchar_t /Zc:forScope /Yu"StdAfx.h" /Fp"Debug\gitWinFTPClient.pch" /Fo"Debug\\" /Fd"Debug\vc100.pdb" /Gd /TP /analyze- /errorReport:prompt gitWinFTPClient.cpp
         gitWinFTPClient.cpp
     1>f:\github\gitwinftpclient\gitwinftpclient\gitwinftpclient.cpp(201): warning C4244: “=”: 从“long”转换到“BYTE”，可能丢失数据
       ManifestResourceCompile:
         所有输出均为最新。
       Link:
         C:\Program Files (x86)\Microsoft Visual Studio 10.0\VC\bin\link.exe /ERRORREPORT:PROMPT /OUT:"F:\github\gitWinFTPClient\gitWinFTPClient\Debug\gitWinFTPClient.exe" /INCREMENTAL /NOLOGO kernel32.lib user32.lib gdi32.lib winspool.lib comdlg32.lib advapi32.lib shell32.lib ole32.lib oleaut32.lib uuid.lib odbc32.lib odbccp32.lib /MANIFEST /ManifestFile:"Debug\gitWinFTPClient.exe.intermediate.manifest" /MANIFESTUAC:"level='asInvoker' uiAccess='false'" /DEBUG /PDB:"F:\github\gitWinFTPClient\gitWinFTPClient\Debug\gitWinFTPClient.pdb" /SUBSYSTEM:CONSOLE /TLBID:1 /DYNAMICBASE /NXCOMPAT /IMPLIB:"F:\github\gitWinFTPClient\gitWinFTPClient\Debug\gitWinFTPClient.lib" /MACHINE:X86 Debug\gitWinFTPClient.exe.embed.manifest.res
         Debug\gitWinFTPClient.obj
         Debug\stdafx.obj
       Manifest:
         C:\Program Files (x86)\Microsoft SDKs\Windows\v7.0A\bin\mt.exe /nologo /verbose /out:"Debug\gitWinFTPClient.exe.embed.manifest" /manifest Debug\gitWinFTPClient.exe.intermediate.manifest
         所有输出均为最新。
       LinkEmbedManifest:
         所有输出均为最新。
         gitWinFTPClient.vcxproj -> F:\github\gitWinFTPClient\gitWinFTPClient\Debug\gitWinFTPClient.exe
       FinalizeBuildStatus:
         正在删除文件“Debug\gitWinFTPClient.unsuccessfulbuild”。
         正在对“Debug\gitWinFTPClient.lastbuildstate”执行 Touch 任务。
     1>已完成生成项目“F:\github\gitWinFTPClient\gitWinFTPClient\gitWinFTPClient.vcxproj”(build 个目标)的操作。

生成成功。

已用时间 00:00:01.61
